<?xml version="1.0" encoding="UTF-8"?>
<!-- Generated by org.testng.reporters.JUnitXMLReporter -->
<testsuite ignored="0" hostname="Deepas-MBP" failures="0" tests="3" name="Default test" time="8.538" errors="0" timestamp="27 Feb 2018 04:36:59 GMT">
  <testcase classname="com.crm.qa.testcases.LoginPageTest" name="loginPageTitleTest" time="0.018"/>
  <testcase classname="com.crm.qa.testcases.LoginPageTest" name="crmLogoImageTest" time="0.039"/>
  <testcase classname="com.crm.qa.testcases.LoginPageTest" name="loginTest" time="1.731"/>
</testsuite> <!-- Default test -->
