<?xml version="1.0" encoding="UTF-8"?>
<!-- Generated by org.testng.reporters.JUnitXMLReporter -->
<testsuite ignored="0" hostname="Deepas-MBP" failures="0" tests="10" name="Default test" time="88.046" errors="0" timestamp="05 Apr 2018 14:49:39 GMT">
  <testcase classname="com.disneygo.qa.testcases.HomePageTest" name="verifyDisneyHomePageLogo" time="0.229"/>
  <testcase classname="com.disneygo.qa.testcases.HomePageTest" name="navigateSubMenuParksAndTickets" time="6.146"/>
  <testcase classname="com.disneygo.qa.testcases.HomePageTest" name="verifyParksAndTicketsDropDownMenu" time="0.072"/>
  <testcase classname="com.disneygo.qa.testcases.HomePageTest" name="navigateToParksAndTickets" time="8.101"/>
  <testcase classname="com.disneygo.qa.testcases.HomePageTest" name="navigateToPlacesToStay" time="3.808"/>
  <testcase classname="com.disneygo.qa.testcases.HomePageTest" name="navigateToThingsToDo" time="4.447"/>
  <testcase classname="com.disneygo.qa.testcases.HomePageTest" name="navigateToShop" time="2.006"/>
  <testcase classname="com.disneygo.qa.testcases.HomePageTest" name="navigateToAnnualPassports" time="5.545"/>
  <testcase classname="com.disneygo.qa.testcases.HomePageTest" name="navigateToHelp" time="2.474"/>
  <testcase classname="com.disneygo.qa.testcases.HomePageTest" name="navigateToCart" time="2.633"/>
</testsuite> <!-- Default test -->
