<?xml version="1.0" encoding="UTF-8"?>
<!-- Generated by org.testng.reporters.JUnitXMLReporter -->
<testsuite ignored="0" hostname="Deepas-MBP" failures="0" tests="13" name="Disney Go Test Cases" time="105.749" errors="0" timestamp="08 Apr 2018 19:27:19 GMT">
  <testcase classname="com.disneygo.qa.testcases.HomePageTest" name="verifyDisneyHomePageLogo" time="0.048"/>
  <testcase classname="com.disneygo.qa.testcases.CartPageTest" name="verifyCartPageText" time="0.032"/>
  <testcase classname="com.disneygo.qa.testcases.DisneylandParkPageTest" name="verifyDisneylandPageText" time="0.033"/>
  <testcase classname="com.disneygo.qa.testcases.PlacesToStayPageTest" name="verifyCartPageText" time="0.028"/>
  <testcase classname="com.disneygo.qa.testcases.HomePageTest" name="navigateSubMenuParksAndTickets" time="5.611"/>
  <testcase classname="com.disneygo.qa.testcases.HomePageTest" name="verifyParksAndTicketsDropDownMenu" time="0.044"/>
  <testcase classname="com.disneygo.qa.testcases.HomePageTest" name="navigateToParksAndTickets" time="7.161"/>
  <testcase classname="com.disneygo.qa.testcases.HomePageTest" name="navigateToPlacesToStay" time="2.071"/>
  <testcase classname="com.disneygo.qa.testcases.HomePageTest" name="navigateToThingsToDo" time="4.324"/>
  <testcase classname="com.disneygo.qa.testcases.HomePageTest" name="navigateToShop" time="1.155"/>
  <testcase classname="com.disneygo.qa.testcases.HomePageTest" name="navigateToAnnualPassports" time="3.687"/>
  <testcase classname="com.disneygo.qa.testcases.HomePageTest" name="navigateToHelp" time="3.235"/>
  <testcase classname="com.disneygo.qa.testcases.HomePageTest" name="navigateToCart" time="3.446"/>
</testsuite> <!-- Disney Go Test Cases -->
