<?xml version="1.0" encoding="UTF-8"?>
<!-- Generated by org.testng.reporters.JUnitXMLReporter -->
<testsuite ignored="0" hostname="Deepas-MBP" failures="0" tests="13" name="Disney Go Test Cases" time="0.095" errors="0" timestamp="06 Apr 2018 19:29:09 GMT">
  <testcase classname="com.disneygo.qa.testcases.HomePageTest" name="@BeforeMethod setUp" time="0.006">
    <failure type="java.lang.NullPointerException">
      <![CDATA[java.lang.NullPointerException
	at com.disneygo.qa.base.TestBase.initialization(TestBase.java:44)
	at com.disneygo.qa.testcases.HomePageTest.setUp(HomePageTest.java:42)
... Removed 27 stack frames]]>
    </failure>
  </testcase> <!-- @BeforeMethod setUp -->
  <testcase classname="com.disneygo.qa.testcases.CartPageTest" name="@BeforeMethod setUp" time="0.0">
    <failure type="java.lang.NullPointerException">
      <![CDATA[java.lang.NullPointerException
	at com.disneygo.qa.base.TestBase.initialization(TestBase.java:44)
	at com.disneygo.qa.testcases.CartPageTest.setUp(CartPageTest.java:28)
... Removed 27 stack frames]]>
    </failure>
  </testcase> <!-- @BeforeMethod setUp -->
  <testcase classname="com.disneygo.qa.testcases.DisneylandParkPageTest" name="@BeforeMethod setUp" time="0.0">
    <failure type="java.lang.NullPointerException">
      <![CDATA[java.lang.NullPointerException
	at com.disneygo.qa.base.TestBase.initialization(TestBase.java:44)
	at com.disneygo.qa.testcases.DisneylandParkPageTest.setUp(DisneylandParkPageTest.java:29)
... Removed 27 stack frames]]>
    </failure>
  </testcase> <!-- @BeforeMethod setUp -->
  <testcase classname="com.disneygo.qa.testcases.PlacesToStayPageTest" name="@BeforeMethod setUp" time="0.001">
    <failure type="java.lang.NullPointerException">
      <![CDATA[java.lang.NullPointerException
	at com.disneygo.qa.base.TestBase.initialization(TestBase.java:44)
	at com.disneygo.qa.testcases.PlacesToStayPageTest.setUp(PlacesToStayPageTest.java:24)
... Removed 27 stack frames]]>
    </failure>
  </testcase> <!-- @BeforeMethod setUp -->
  <testcase classname="com.disneygo.qa.testcases.HomePageTest" name="@BeforeMethod setUp" time="0.0">
    <skipped/>
  </testcase> <!-- @BeforeMethod setUp -->
  <testcase classname="com.disneygo.qa.testcases.HomePageTest" name="@BeforeMethod setUp" time="0.0">
    <skipped/>
  </testcase> <!-- @BeforeMethod setUp -->
  <testcase classname="com.disneygo.qa.testcases.HomePageTest" name="@BeforeMethod setUp" time="0.0">
    <skipped/>
  </testcase> <!-- @BeforeMethod setUp -->
  <testcase classname="com.disneygo.qa.testcases.HomePageTest" name="@BeforeMethod setUp" time="0.0">
    <skipped/>
  </testcase> <!-- @BeforeMethod setUp -->
  <testcase classname="com.disneygo.qa.testcases.HomePageTest" name="@BeforeMethod setUp" time="0.0">
    <skipped/>
  </testcase> <!-- @BeforeMethod setUp -->
  <testcase classname="com.disneygo.qa.testcases.HomePageTest" name="@BeforeMethod setUp" time="0.0">
    <skipped/>
  </testcase> <!-- @BeforeMethod setUp -->
  <testcase classname="com.disneygo.qa.testcases.HomePageTest" name="@BeforeMethod setUp" time="0.0">
    <skipped/>
  </testcase> <!-- @BeforeMethod setUp -->
  <testcase classname="com.disneygo.qa.testcases.HomePageTest" name="@BeforeMethod setUp" time="0.0">
    <skipped/>
  </testcase> <!-- @BeforeMethod setUp -->
  <testcase classname="com.disneygo.qa.testcases.HomePageTest" name="@BeforeMethod setUp" time="0.0">
    <skipped/>
  </testcase> <!-- @BeforeMethod setUp -->
  <testcase classname="com.disneygo.qa.testcases.HomePageTest" name="verifyDisneyHomePageLogo" time="0.0">
    <skipped/>
  </testcase> <!-- verifyDisneyHomePageLogo -->
  <testcase classname="com.disneygo.qa.testcases.CartPageTest" name="verifyCartPageText" time="0.0">
    <skipped/>
  </testcase> <!-- verifyCartPageText -->
  <testcase classname="com.disneygo.qa.testcases.DisneylandParkPageTest" name="verifyDisneylandPageText" time="0.0">
    <skipped/>
  </testcase> <!-- verifyDisneylandPageText -->
  <testcase classname="com.disneygo.qa.testcases.PlacesToStayPageTest" name="verifyCartPageText" time="0.0">
    <skipped/>
  </testcase> <!-- verifyCartPageText -->
  <testcase classname="com.disneygo.qa.testcases.HomePageTest" name="navigateSubMenuParksAndTickets" time="0.0">
    <skipped/>
  </testcase> <!-- navigateSubMenuParksAndTickets -->
  <testcase classname="com.disneygo.qa.testcases.HomePageTest" name="verifyParksAndTicketsDropDownMenu" time="0.0">
    <skipped/>
  </testcase> <!-- verifyParksAndTicketsDropDownMenu -->
  <testcase classname="com.disneygo.qa.testcases.HomePageTest" name="navigateToParksAndTickets" time="0.0">
    <skipped/>
  </testcase> <!-- navigateToParksAndTickets -->
  <testcase classname="com.disneygo.qa.testcases.HomePageTest" name="navigateToPlacesToStay" time="0.0">
    <skipped/>
  </testcase> <!-- navigateToPlacesToStay -->
  <testcase classname="com.disneygo.qa.testcases.HomePageTest" name="navigateToThingsToDo" time="0.0">
    <skipped/>
  </testcase> <!-- navigateToThingsToDo -->
  <testcase classname="com.disneygo.qa.testcases.HomePageTest" name="navigateToShop" time="0.0">
    <skipped/>
  </testcase> <!-- navigateToShop -->
  <testcase classname="com.disneygo.qa.testcases.HomePageTest" name="navigateToAnnualPassports" time="0.0">
    <skipped/>
  </testcase> <!-- navigateToAnnualPassports -->
  <testcase classname="com.disneygo.qa.testcases.HomePageTest" name="navigateToHelp" time="0.0">
    <skipped/>
  </testcase> <!-- navigateToHelp -->
  <testcase classname="com.disneygo.qa.testcases.HomePageTest" name="navigateToCart" time="0.001">
    <skipped/>
  </testcase> <!-- navigateToCart -->
</testsuite> <!-- Disney Go Test Cases -->
